Using pre-set license
Built from '2020.3/staging' branch; Version is '2020.3.16f1 (049d6eca3c44) revision 302446'; Using compiler version '192528614'; Build Type 'Release'
OS: 'Windows 10 Home; OS build 19041.1052; Version 2004; 64bit' Language: 'en' Physical Memory: 24480 MB
BatchMode: 1, IsHumanControllingUs: 0, StartBugReporterOnCrash: 0, Is64bit: 1, IsPro: 0

 COMMAND LINE ARGUMENTS:
C:\Program Files\Unity\Hub\Editor\2020.3.16f1\Editor\Unity.exe
-adb2
-batchMode
-noUpm
-name
AssetImportWorker0
-projectPath
C:/Users/reidv/source/repos/Frictionless/LEJ14/FrictionlessProto
-logFile
Logs/AssetImportWorker0.log
-srvPort
59411
Successfully changed project path to: C:/Users/reidv/source/repos/Frictionless/LEJ14/FrictionlessProto
C:/Users/reidv/source/repos/Frictionless/LEJ14/FrictionlessProto
Using Asset Import Pipeline V2.
Refreshing native plugins compatible for Editor in 162.74 ms, found 2 plugins.
Preloading 0 native plugins for Editor in 0.00 ms.
Initialize engine version: 2020.3.16f1 (049d6eca3c44)
[Subsystems] Discovering subsystems at path C:/Program Files/Unity/Hub/Editor/2020.3.16f1/Editor/Data/Resources/UnitySubsystems
[Subsystems] Discovering subsystems at path C:/Users/reidv/source/repos/Frictionless/LEJ14/FrictionlessProto/Assets
GfxDevice: creating device client; threaded=0
Direct3D:
    Version:  Direct3D 11.0 [level 11.1]
    Renderer: NVIDIA GeForce GTX 970 (ID=0x13c2)
    Vendor:   
    VRAM:     4043 MB
    Driver:   27.21.14.6627
Initialize mono
Mono path[0] = 'C:/Program Files/Unity/Hub/Editor/2020.3.16f1/Editor/Data/Managed'
Mono path[1] = 'C:/Program Files/Unity/Hub/Editor/2020.3.16f1/Editor/Data/MonoBleedingEdge/lib/mono/unityjit'
Mono config path = 'C:/Program Files/Unity/Hub/Editor/2020.3.16f1/Editor/Data/MonoBleedingEdge/etc'
Using monoOptions --debugger-agent=transport=dt_socket,embedding=1,server=y,suspend=n,address=127.0.0.1:56988
Begin MonoManager ReloadAssembly
Registering precompiled unity dll's ...
Register platform support module: C:/Program Files/Unity/Hub/Editor/2020.3.16f1/Editor/Data/PlaybackEngines/WebGLSupport/UnityEditor.WebGL.Extensions.dll
Register platform support module: C:/Program Files/Unity/Hub/Editor/2020.3.16f1/Editor/Data/PlaybackEngines/WindowsStandaloneSupport/UnityEditor.WindowsStandalone.Extensions.dll
Registered in 0.004250 seconds.
Native extension for WindowsStandalone target not found
Native extension for WebGL target not found
Refreshing native plugins compatible for Editor in 154.66 ms, found 2 plugins.
Preloading 0 native plugins for Editor in 0.00 ms.
Mono: successfully reloaded assembly
- Completed reload, in  1.997 seconds
Domain Reload Profiling:
	ReloadAssembly (1998ms)
		BeginReloadAssembly (91ms)
			ExecutionOrderSort (0ms)
			DisableScriptedObjects (0ms)
			BackupInstance (0ms)
			ReleaseScriptingObjects (0ms)
			CreateAndSetChildDomain (1ms)
		EndReloadAssembly (730ms)
			LoadAssemblies (88ms)
			RebuildTransferFunctionScriptingTraits (0ms)
			SetupTypeCache (217ms)
			ReleaseScriptCaches (0ms)
			RebuildScriptCaches (45ms)
			SetupLoadedEditorAssemblies (348ms)
				LogAssemblyErrors (0ms)
				InitializePlatformSupportModulesInManaged (6ms)
				SetLoadedEditorAssemblies (0ms)
				RefreshPlugins (155ms)
				BeforeProcessingInitializeOnLoad (25ms)
				ProcessInitializeOnLoadAttributes (123ms)
				ProcessInitializeOnLoadMethodAttributes (39ms)
				AfterProcessingInitializeOnLoad (0ms)
				EditorAssembliesLoaded (0ms)
			ExecutionOrderSort2 (0ms)
			AwakeInstancesAfterBackupRestoration (0ms)
Platform modules already initialized, skipping
Registering precompiled user dll's ...
Registered in 0.007268 seconds.
Begin MonoManager ReloadAssembly
Symbol file LoadedFromMemory doesn't match image C:\Users\reidv\source\repos\Frictionless\LEJ14\FrictionlessProto\Library\PackageCache\com.unity.visualscripting@1.6.1\Editor\VisualScripting.Core\Dependencies\YamlDotNet\Unity.VisualScripting.YamlDotNet.dll
Symbol file LoadedFromMemory doesn't match image C:\Users\reidv\source\repos\Frictionless\LEJ14\FrictionlessProto\Library\PackageCache\com.unity.visualscripting@1.6.1\Editor\VisualScripting.Core\Dependencies\DotNetZip\Unity.VisualScripting.IonicZip.dll
Native extension for WindowsStandalone target not found
Native extension for WebGL target not found
Refreshing native plugins compatible for Editor in 143.57 ms, found 2 plugins.
Preloading 0 native plugins for Editor in 0.00 ms.
Mono: successfully reloaded assembly
- Completed reload, in  1.872 seconds
Domain Reload Profiling:
	ReloadAssembly (1874ms)
		BeginReloadAssembly (218ms)
			ExecutionOrderSort (0ms)
			DisableScriptedObjects (7ms)
			BackupInstance (0ms)
			ReleaseScriptingObjects (0ms)
			CreateAndSetChildDomain (29ms)
		EndReloadAssembly (1565ms)
			LoadAssemblies (155ms)
			RebuildTransferFunctionScriptingTraits (0ms)
			SetupTypeCache (464ms)
			ReleaseScriptCaches (1ms)
			RebuildScriptCaches (98ms)
			SetupLoadedEditorAssemblies (657ms)
				LogAssemblyErrors (0ms)
				InitializePlatformSupportModulesInManaged (6ms)
				SetLoadedEditorAssemblies (0ms)
				RefreshPlugins (144ms)
				BeforeProcessingInitializeOnLoad (205ms)
				ProcessInitializeOnLoadAttributes (259ms)
				ProcessInitializeOnLoadMethodAttributes (28ms)
				AfterProcessingInitializeOnLoad (14ms)
				EditorAssembliesLoaded (0ms)
			ExecutionOrderSort2 (0ms)
			AwakeInstancesAfterBackupRestoration (10ms)
Platform modules already initialized, skipping
========================================================================
Worker process is ready to serve import requests
Launched and connected shader compiler UnityShaderCompiler.exe after 0.11 seconds
Refreshing native plugins compatible for Editor in 0.85 ms, found 2 plugins.
Preloading 0 native plugins for Editor in 0.00 ms.
Unloading 3814 Unused Serialized files (Serialized files now loaded: 0)
System memory in use before: 141.6 MB.
System memory in use after: 141.8 MB.

Unloading 26 unused Assets to reduce memory usage. Loaded Objects now: 4257.
Total: 4.697600 ms (FindLiveObjects: 0.426100 ms CreateObjectMapping: 0.297100 ms MarkObjects: 3.887900 ms  DeleteObjects: 0.084900 ms)

AssetImportParameters requested are different than current active one (requested -> active):
  custom:framework-win-MediaFoundation: 216162199b28c13a410421893ffa2e32 -> 
  custom:video-decoder-ogg-theora: a1e56fd34408186e4bbccfd4996cb3dc -> 
  custom:container-muxer-webm: aa71ff27fc2769a1b78a27578f13a17b -> 
  custom:container-demuxer-webm: 4f35f7cbe854078d1ac9338744f61a02 -> 
  custom:container-demuxer-ogg: 62fdf1f143b41e24485cea50d1cbac27 -> 
  custom:video-encoder-webm-vp8: eb34c28f22e8b96e1ab97ce403110664 -> 
  custom:video-codec-MediaFoundation-h265: 746d11721c4dcdbdad8f713fa42b33f4 -> 
  custom:video-decoder-webm-vp8: 9c59270c3fd7afecdb556c50c9e8de78 -> 
  custom:audio-decoder-ogg-vorbis: bf7c407c2cedff20999df2af8eb42d56 -> 
  custom:audio-encoder-webm-vorbis: bf7c407c2cedff20999df2af8eb42d56 -> 
========================================================================
Received Import Request.
  path: Assets/Prefabs/CM vcam1.prefab
  artifactKey: Guid(96ab94944e3849a408e8d39566ee9213) Importer(815301076,1909f56bfc062723c751e8b465ee728b)
Start importing Assets/Prefabs/CM vcam1.prefab using Guid(96ab94944e3849a408e8d39566ee9213) Importer(815301076,1909f56bfc062723c751e8b465ee728b)  -> (artifact id: 'e1323de5c67de63f20405d9b60e4adab') in 0.112118 seconds 
  Import took 0.120664 seconds .

========================================================================
Received Import Request.
  Time since last request: 0.962027 seconds.
  path: Assets/Scenes
  artifactKey: Guid(9028065ad2d8715419653e718ea08a03) Importer(815301076,1909f56bfc062723c751e8b465ee728b)
Start importing Assets/Scenes using Guid(9028065ad2d8715419653e718ea08a03) Importer(815301076,1909f56bfc062723c751e8b465ee728b)  -> (artifact id: 'dd497b157e7b9c13dfb62df18b86fcca') in 0.003684 seconds 
  Import took 0.013479 seconds .

========================================================================
Received Import Request.
  Time since last request: 8.371226 seconds.
  path: Assets/Scenes/DemoLevel.unity
  artifactKey: Guid(24651748925ad9a4987a7fbc0ca50800) Importer(815301076,1909f56bfc062723c751e8b465ee728b)
Start importing Assets/Scenes/DemoLevel.unity using Guid(24651748925ad9a4987a7fbc0ca50800) Importer(815301076,1909f56bfc062723c751e8b465ee728b)  -> (artifact id: 'c9a7efdeb507325cc681d360ae35fa3d') in 0.005416 seconds 
  Import took 0.018143 seconds .

========================================================================
Received Import Request.
  Time since last request: 0.008467 seconds.
  path: Assets/Scenes/DemoLevel.unity
  artifactKey: Guid(24651748925ad9a4987a7fbc0ca50800) Importer(815301076,1909f56bfc062723c751e8b465ee728b)
Start importing Assets/Scenes/DemoLevel.unity using Guid(24651748925ad9a4987a7fbc0ca50800) Importer(815301076,1909f56bfc062723c751e8b465ee728b)  -> (artifact id: 'c9a7efdeb507325cc681d360ae35fa3d') in 0.004575 seconds 
  Import took 0.017872 seconds .

========================================================================
Received Import Request.
  Time since last request: 40.488967 seconds.
  path: ProjectSettings/TagManager.asset
  artifactKey: Guid(00000000000000003000000000000000) Importer(815301076,1909f56bfc062723c751e8b465ee728b)
Start importing ProjectSettings/TagManager.asset using Guid(00000000000000003000000000000000) Importer(815301076,1909f56bfc062723c751e8b465ee728b)  -> (artifact id: '8a98590f61e33058bf5f3f4aeed2485f') in 0.008323 seconds 
  Import took 0.017476 seconds .

========================================================================
Received Import Request.
  Time since last request: 47.782984 seconds.
  path: Assets/Prefabs/Wall.prefab
  artifactKey: Guid(16534d75303214545b8290b7fc710e1a) Importer(815301076,1909f56bfc062723c751e8b465ee728b)
Start importing Assets/Prefabs/Wall.prefab using Guid(16534d75303214545b8290b7fc710e1a) Importer(815301076,1909f56bfc062723c751e8b465ee728b)  -> (artifact id: 'd2d9eeeef9b1ddedc3b14246216fe93e') in 0.140986 seconds 
  Import took 0.151530 seconds .

========================================================================
Received Import Request.
  Time since last request: 121.488268 seconds.
  path: Assets/Prefabs/Ground.prefab
  artifactKey: Guid(c254991d51b9abf4e98b49cc3bc7fa1f) Importer(815301076,1909f56bfc062723c751e8b465ee728b)
Start importing Assets/Prefabs/Ground.prefab using Guid(c254991d51b9abf4e98b49cc3bc7fa1f) Importer(815301076,1909f56bfc062723c751e8b465ee728b)  -> (artifact id: '6088566156d62061f21efb2855eee9a8') in 0.019218 seconds 
  Import took 0.032694 seconds .

========================================================================
Received Import Request.
  Time since last request: 72.939469 seconds.
  path: Assets/Prefabs/RoomContainer.prefab
  artifactKey: Guid(9de7a54f2c4d2af43a937e9995a156f8) Importer(815301076,1909f56bfc062723c751e8b465ee728b)
Start importing Assets/Prefabs/RoomContainer.prefab using Guid(9de7a54f2c4d2af43a937e9995a156f8) Importer(815301076,1909f56bfc062723c751e8b465ee728b)  -> (artifact id: '57f1dffc6d40cb1b8ebd7898a557a407') in 0.020629 seconds 
  Import took 0.031860 seconds .

========================================================================
Received Import Request.
  Time since last request: 0.012576 seconds.
  path: Assets/Prefabs/RoomContainer.prefab
  artifactKey: Guid(9de7a54f2c4d2af43a937e9995a156f8) Importer(815301076,1909f56bfc062723c751e8b465ee728b)
Start importing Assets/Prefabs/RoomContainer.prefab using Guid(9de7a54f2c4d2af43a937e9995a156f8) Importer(815301076,1909f56bfc062723c751e8b465ee728b)  -> (artifact id: '57f1dffc6d40cb1b8ebd7898a557a407') in 0.015408 seconds 
  Import took 0.025506 seconds .

========================================================================
Received Import Request.
  Time since last request: 185.723539 seconds.
  path: Assets/Art/FrictionlessCurvePiece.png
  artifactKey: Guid(3b81f5fb37f4ccd44a70f72658f00939) Importer(815301076,1909f56bfc062723c751e8b465ee728b)
Start importing Assets/Art/FrictionlessCurvePiece.png using Guid(3b81f5fb37f4ccd44a70f72658f00939) Importer(815301076,1909f56bfc062723c751e8b465ee728b)  -> (artifact id: '03e034675d7821ce64286c5f92204038') in 0.069592 seconds 
  Import took 0.079938 seconds .

========================================================================
Received Import Request.
  Time since last request: 0.023398 seconds.
  path: Assets/Art/FrictionlessCurvePiece.png
  artifactKey: Guid(3b81f5fb37f4ccd44a70f72658f00939) Importer(815301076,1909f56bfc062723c751e8b465ee728b)
Start importing Assets/Art/FrictionlessCurvePiece.png using Guid(3b81f5fb37f4ccd44a70f72658f00939) Importer(815301076,1909f56bfc062723c751e8b465ee728b)  -> (artifact id: '03e034675d7821ce64286c5f92204038') in 0.020478 seconds 
  Import took 0.030566 seconds .

========================================================================
Received Import Request.
  Time since last request: 290.532154 seconds.
  path: Assets/Prefabs/FrictionlessCurvePiece.prefab
  artifactKey: Guid(9db3a8482ca43814bb8d3783790379d3) Importer(815301076,1909f56bfc062723c751e8b465ee728b)
Start importing Assets/Prefabs/FrictionlessCurvePiece.prefab using Guid(9db3a8482ca43814bb8d3783790379d3) Importer(815301076,1909f56bfc062723c751e8b465ee728b)  -> (artifact id: '45874c1052e7404c09794c5a38981197') in 0.019317 seconds 
  Import took 0.031234 seconds .

========================================================================
Received Import Request.
  Time since last request: 134.844893 seconds.
  path: Assets/Prefabs/FrictionlessCurvePiece.prefab
  artifactKey: Guid(9db3a8482ca43814bb8d3783790379d3) Importer(815301076,1909f56bfc062723c751e8b465ee728b)
Start importing Assets/Prefabs/FrictionlessCurvePiece.prefab using Guid(9db3a8482ca43814bb8d3783790379d3) Importer(815301076,1909f56bfc062723c751e8b465ee728b)  -> (artifact id: '4de306c6b6394e57e0ae16472455e023') in 0.026934 seconds 
  Import took 0.059811 seconds .

========================================================================
Received Import Request.
  Time since last request: 3.353616 seconds.
  path: Assets/Prefabs/FrictionlessCurvePiece.prefab
  artifactKey: Guid(9db3a8482ca43814bb8d3783790379d3) Importer(815301076,1909f56bfc062723c751e8b465ee728b)
Start importing Assets/Prefabs/FrictionlessCurvePiece.prefab using Guid(9db3a8482ca43814bb8d3783790379d3) Importer(815301076,1909f56bfc062723c751e8b465ee728b)  -> (artifact id: '5fb467c34cdbe43119ac289158fc2e20') in 0.015159 seconds 
  Import took 0.028641 seconds .

AssetImportWorkerClient::OnTransportError - code=2 error=End of file
