Using pre-set license
Built from '2021.1/staging' branch; Version is '2021.1.7f1 (d91830b65d9b) revision 14227504'; Using compiler version '192528614'; Build Type 'Release'
OS: 'Windows 10 Home; OS build 19041.1052; Version 2004; 64bit' Language: 'en' Physical Memory: 24480 MB
BatchMode: 1, IsHumanControllingUs: 0, StartBugReporterOnCrash: 0, Is64bit: 1, IsPro: 0

 COMMAND LINE ARGUMENTS:
C:\Program Files\Unity\Hub\Editor\2021.1.7f1\Editor\Unity.exe
-adb2
-batchMode
-noUpm
-name
AssetImportWorker0
-projectPath
C:/Users/reidv/source/repos/LEJ14/FrictionlessProto
-logFile
Logs/AssetImportWorker0.log
-srvPort
61096
Successfully changed project path to: C:/Users/reidv/source/repos/LEJ14/FrictionlessProto
C:/Users/reidv/source/repos/LEJ14/FrictionlessProto
Using Asset Import Pipeline V2.
Refreshing native plugins compatible for Editor in 139.29 ms, found 2 plugins.
Preloading 0 native plugins for Editor in 0.00 ms.
Initialize engine version: 2021.1.7f1 (d91830b65d9b)
[Subsystems] Discovering subsystems at path C:/Program Files/Unity/Hub/Editor/2021.1.7f1/Editor/Data/Resources/UnitySubsystems
[Subsystems] Discovering subsystems at path C:/Users/reidv/source/repos/LEJ14/FrictionlessProto/Assets
GfxDevice: creating device client; threaded=0; jobified=0
Direct3D:
    Version:  Direct3D 11.0 [level 11.1]
    Renderer: NVIDIA GeForce GTX 970 (ID=0x13c2)
    Vendor:   NVIDIA
    VRAM:     4043 MB
    Driver:   27.21.14.6627
Initialize mono
Mono path[0] = 'C:/Program Files/Unity/Hub/Editor/2021.1.7f1/Editor/Data/Managed'
Mono path[1] = 'C:/Program Files/Unity/Hub/Editor/2021.1.7f1/Editor/Data/MonoBleedingEdge/lib/mono/unityjit'
Mono config path = 'C:/Program Files/Unity/Hub/Editor/2021.1.7f1/Editor/Data/MonoBleedingEdge/etc'
Using monoOptions --debugger-agent=transport=dt_socket,embedding=1,server=y,suspend=n,address=127.0.0.1:56288
Begin MonoManager ReloadAssembly
Registering precompiled unity dll's ...
Register platform support module: C:/Program Files/Unity/Hub/Editor/2021.1.7f1/Editor/Data/PlaybackEngines/WindowsStandaloneSupport/UnityEditor.WindowsStandalone.Extensions.dll
Registered in 0.003061 seconds.
Native extension for WindowsStandalone target not found
Refreshing native plugins compatible for Editor in 140.73 ms, found 2 plugins.
Preloading 0 native plugins for Editor in 0.00 ms.
Mono: successfully reloaded assembly
- Completed reload, in  1.740 seconds
Platform modules already initialized, skipping
Registering precompiled user dll's ...
Registered in 0.007429 seconds.
Begin MonoManager ReloadAssembly
Native extension for WindowsStandalone target not found
Refreshing native plugins compatible for Editor in 145.57 ms, found 2 plugins.
Preloading 0 native plugins for Editor in 0.00 ms.
Mono: successfully reloaded assembly
- Completed reload, in  1.731 seconds
Platform modules already initialized, skipping
========================================================================
Worker process is ready to serve import requests
Launched and connected shader compiler UnityShaderCompiler.exe after 0.09 seconds
Refreshing native plugins compatible for Editor in 0.79 ms, found 2 plugins.
Preloading 0 native plugins for Editor in 0.00 ms.
Unloading 3669 Unused Serialized files (Serialized files now loaded: 0)
System memory in use before: 138.1 MB.
System memory in use after: 138.2 MB.

Unloading 30 unused Assets to reduce memory usage. Loaded Objects now: 4124.
Total: 3.694300 ms (FindLiveObjects: 0.463400 ms CreateObjectMapping: 0.305400 ms MarkObjects: 2.738400 ms  DeleteObjects: 0.186300 ms)

========================================================================
Received Import Request.
  path: Assets
  artifactKey: Guid(00000000000000001000000000000000) Importer(815301076,1909f56bfc062723c751e8b465ee728b)
Start importing Assets using Guid(00000000000000001000000000000000) Importer(815301076,1909f56bfc062723c751e8b465ee728b)  -> (artifact id: '42d402b061de3733987d63b9cc3b64de') in 0.008899 seconds 
========================================================================
Received Import Request.
  Time since last request: 3.379176 seconds.
  path: Assets/Scripts
  artifactKey: Guid(5928bcfe0aa826843bdf831c9a007865) Importer(815301076,1909f56bfc062723c751e8b465ee728b)
Start importing Assets/Scripts using Guid(5928bcfe0aa826843bdf831c9a007865) Importer(815301076,1909f56bfc062723c751e8b465ee728b)  -> (artifact id: '69266823e2590dff5630fd19965feed8') in 0.004364 seconds 
========================================================================
Received Import Request.
  Time since last request: 6.678736 seconds.
  path: Assets/Art
  artifactKey: Guid(9751e310c8fc790478cfc45cf08b19a7) Importer(815301076,1909f56bfc062723c751e8b465ee728b)
Start importing Assets/Art using Guid(9751e310c8fc790478cfc45cf08b19a7) Importer(815301076,1909f56bfc062723c751e8b465ee728b)  -> (artifact id: '2d13fcebbac885d8d9790afa9f93c562') in 0.005461 seconds 
========================================================================
Received Import Request.
  Time since last request: 4.399231 seconds.
  path: Assets/Prefabs
  artifactKey: Guid(b1f5cbf4b8cc95343adbdf598356d35b) Importer(815301076,1909f56bfc062723c751e8b465ee728b)
Start importing Assets/Prefabs using Guid(b1f5cbf4b8cc95343adbdf598356d35b) Importer(815301076,1909f56bfc062723c751e8b465ee728b)  -> (artifact id: '4bd2c622c88df55b1f5c0212a8305ba5') in 0.003211 seconds 
========================================================================
Received Import Request.
  Time since last request: 16.006160 seconds.
  path: Assets/Art/Frictionless test leve.png
  artifactKey: Guid(359cb81d11f61c0449efa4821297cbe7) Importer(815301076,1909f56bfc062723c751e8b465ee728b)
Start importing Assets/Art/Frictionless test leve.png using Guid(359cb81d11f61c0449efa4821297cbe7) Importer(815301076,1909f56bfc062723c751e8b465ee728b)  -> (artifact id: '74f71df986e4262b24868f58aefe9625') in 0.212745 seconds 
========================================================================
Received Import Request.
  Time since last request: 138.678335 seconds.
  path: Assets/Materials
  artifactKey: Guid(8596abc13ab27fd499f460a74877f3f8) Importer(815301076,1909f56bfc062723c751e8b465ee728b)
Start importing Assets/Materials using Guid(8596abc13ab27fd499f460a74877f3f8) Importer(815301076,1909f56bfc062723c751e8b465ee728b)  -> (artifact id: '5e40baa9fba525ed50e65958ecb19fbc') in 0.005434 seconds 
========================================================================
Received Import Request.
  Time since last request: 133.437853 seconds.
  path: Assets/InputSystem.inputsettings.asset
  artifactKey: Guid(ad946aee80f95f34981250eaad87b7d4) Importer(815301076,1909f56bfc062723c751e8b465ee728b)
Start importing Assets/InputSystem.inputsettings.asset using Guid(ad946aee80f95f34981250eaad87b7d4) Importer(815301076,1909f56bfc062723c751e8b465ee728b)  -> (artifact id: '1346fd6ec0ac62d0802191bc75a9a2ad') in 0.008680 seconds 
========================================================================
Received Import Request.
  Time since last request: 7.491370 seconds.
  path: Assets/Player.inputactions
  artifactKey: Guid(0264b476de4ccd84cae8832ba51faffa) Importer(815301076,1909f56bfc062723c751e8b465ee728b)
Start importing Assets/Player.inputactions using Guid(0264b476de4ccd84cae8832ba51faffa) Importer(815301076,1909f56bfc062723c751e8b465ee728b)  -> (artifact id: 'df336bc856eede3611f0dbdb1d8bf102') in 0.012275 seconds 
========================================================================
Received Import Request.
  Time since last request: 690.179265 seconds.
  path: Assets/Scripts/PlayerScript.cs
  artifactKey: Guid(2c47d5ff4fc4d8c40b47efffbf7e3ee4) Importer(815301076,1909f56bfc062723c751e8b465ee728b)
Start importing Assets/Scripts/PlayerScript.cs using Guid(2c47d5ff4fc4d8c40b47efffbf7e3ee4) Importer(815301076,1909f56bfc062723c751e8b465ee728b)  -> (artifact id: '07b2dbff9540900082caf8a967c72613') in 0.036110 seconds 
========================================================================
Received Prepare
Registering precompiled user dll's ...
Registered in 0.006143 seconds.
Begin MonoManager ReloadAssembly
Native extension for WindowsStandalone target not found
Refreshing native plugins compatible for Editor in 0.70 ms, found 2 plugins.
Preloading 0 native plugins for Editor in 0.00 ms.
Mono: successfully reloaded assembly
- Completed reload, in  1.372 seconds
Platform modules already initialized, skipping
Refreshing native plugins compatible for Editor in 0.86 ms, found 2 plugins.
Preloading 0 native plugins for Editor in 0.00 ms.
Unloading 3666 Unused Serialized files (Serialized files now loaded: 0)
System memory in use before: 150.9 MB.
System memory in use after: 151.0 MB.

Unloading 16 unused Assets to reduce memory usage. Loaded Objects now: 4150.
Total: 3.957200 ms (FindLiveObjects: 0.478700 ms CreateObjectMapping: 0.345400 ms MarkObjects: 2.962600 ms  DeleteObjects: 0.169600 ms)

========================================================================
Received Prepare
Registering precompiled user dll's ...
Registered in 0.005993 seconds.
Begin MonoManager ReloadAssembly
Native extension for WindowsStandalone target not found
Refreshing native plugins compatible for Editor in 0.84 ms, found 2 plugins.
Preloading 0 native plugins for Editor in 0.00 ms.
Mono: successfully reloaded assembly
- Completed reload, in  1.248 seconds
Platform modules already initialized, skipping
Refreshing native plugins compatible for Editor in 0.74 ms, found 2 plugins.
Preloading 0 native plugins for Editor in 0.00 ms.
Unloading 3820 Unused Serialized files (Serialized files now loaded: 0)
System memory in use before: 156.2 MB.
System memory in use after: 156.3 MB.

Unloading 18 unused Assets to reduce memory usage. Loaded Objects now: 4307.
Total: 4.024400 ms (FindLiveObjects: 0.284100 ms CreateObjectMapping: 0.211600 ms MarkObjects: 3.387400 ms  DeleteObjects: 0.140100 ms)

========================================================================
Received Import Request.
  Time since last request: 406.249111 seconds.
  path: Assets/Materials/GroundPhysMat.physicMaterial
  artifactKey: Guid(19438541572131e428ac44affb4832e3) Importer(815301076,1909f56bfc062723c751e8b465ee728b)
Start importing Assets/Materials/GroundPhysMat.physicMaterial using Guid(19438541572131e428ac44affb4832e3) Importer(815301076,1909f56bfc062723c751e8b465ee728b)  -> (artifact id: '4de261a68d5d9838bf62c07a9f092948') in 0.022154 seconds 
========================================================================
Received Import Request.
  Time since last request: 91.704331 seconds.
  path: Assets/Materials/GroundMat.physicsMaterial2D
  artifactKey: Guid(64d97b7b418448c44930ae6353186d75) Importer(815301076,1909f56bfc062723c751e8b465ee728b)
Start importing Assets/Materials/GroundMat.physicsMaterial2D using Guid(64d97b7b418448c44930ae6353186d75) Importer(815301076,1909f56bfc062723c751e8b465ee728b)  -> (artifact id: '69f2c9091b6e37e7c51fcd28a938b191') in 0.009084 seconds 
========================================================================
Received Import Request.
  Time since last request: 108.376918 seconds.
  path: Assets/Materials/PlayerLFMat.physicsMaterial2D
  artifactKey: Guid(c2a24057e9e7bb248b3b9445aaca9422) Importer(815301076,1909f56bfc062723c751e8b465ee728b)
Start importing Assets/Materials/PlayerLFMat.physicsMaterial2D using Guid(c2a24057e9e7bb248b3b9445aaca9422) Importer(815301076,1909f56bfc062723c751e8b465ee728b)  -> (artifact id: '402dfdeaf42c5f52468dd881aed6a9c5') in 0.004053 seconds 
========================================================================
Received Import Request.
  Time since last request: 22.106491 seconds.
  path: Assets/Materials/PlayerHFMat.physicsMaterial2D
  artifactKey: Guid(07ef43adb31fd7d42a16a037d90a7ce3) Importer(815301076,1909f56bfc062723c751e8b465ee728b)
Start importing Assets/Materials/PlayerHFMat.physicsMaterial2D using Guid(07ef43adb31fd7d42a16a037d90a7ce3) Importer(815301076,1909f56bfc062723c751e8b465ee728b)  -> (artifact id: '8dad03e824d616c9ae1420123da2cfc2') in 0.004394 seconds 
AssetImportWorkerClient::OnTransportError - code=2 error=End of file
